c:\users\dstep\desktop\duncan\school\2023(summer)\csci202\final\qtwidgetsapp\x64\debug\admin.obj
c:\users\dstep\desktop\duncan\school\2023(summer)\csci202\final\qtwidgetsapp\x64\debug\main.obj
c:\users\dstep\desktop\duncan\school\2023(summer)\csci202\final\qtwidgetsapp\x64\debug\table.obj
c:\users\dstep\desktop\duncan\school\2023(summer)\csci202\final\qtwidgetsapp\x64\debug\login.obj
c:\users\dstep\desktop\duncan\school\2023(summer)\csci202\final\qtwidgetsapp\x64\debug\hash.obj
c:\users\dstep\desktop\duncan\school\2023(summer)\csci202\final\qtwidgetsapp\x64\debug\vc143.pdb
c:\users\dstep\desktop\duncan\school\2023(summer)\csci202\final\qtwidgetsapp\x64\debug\moc_loginsystem.obj
c:\users\dstep\desktop\duncan\school\2023(summer)\csci202\final\qtwidgetsapp\x64\debug\qrc_qtwidgetsapp.obj
c:\users\dstep\desktop\duncan\school\2023(summer)\csci202\final\qtwidgetsapp\x64\debug\loginsystemgui.ilk
c:\users\dstep\desktop\duncan\school\2023(summer)\csci202\final\qtwidgetsapp\x64\debug\loginsystemgui.exe
c:\users\dstep\desktop\duncan\school\2023(summer)\csci202\final\qtwidgetsapp\x64\debug\loginsystemgui.pdb
c:\users\dstep\desktop\duncan\school\2023(summer)\csci202\final\qtwidgetsapp\x64\debug\uic\ui_qtwidgetsapp.h
c:\users\dstep\desktop\duncan\school\2023(summer)\csci202\final\qtwidgetsapp\x64\debug\rcc\qrc_qtwidgetsapp.cpp
c:\users\dstep\desktop\duncan\school\2023(summer)\csci202\final\qtwidgetsapp\x64\debug\moc\moc_loginsystem.cpp
c:\users\dstep\desktop\duncan\school\2023(summer)\csci202\final\qtwidgetsapp\x64\debug\libcrypto-3-x64.dll
c:\users\dstep\desktop\duncan\school\2023(summer)\csci202\final\qtwidgetsapp\x64\debug\sqlite3.dll
c:\users\dstep\desktop\duncan\school\2023(summer)\csci202\final\qtwidgetsapp\x64\debug\qt6cored.dll
c:\users\dstep\desktop\duncan\school\2023(summer)\csci202\final\qtwidgetsapp\x64\debug\qt6guid.dll
c:\users\dstep\desktop\duncan\school\2023(summer)\csci202\final\qtwidgetsapp\x64\debug\qt6networkd.dll
c:\users\dstep\desktop\duncan\school\2023(summer)\csci202\final\qtwidgetsapp\x64\debug\qt6pdfd.dll
c:\users\dstep\desktop\duncan\school\2023(summer)\csci202\final\qtwidgetsapp\x64\debug\qt6svgd.dll
c:\users\dstep\desktop\duncan\school\2023(summer)\csci202\final\qtwidgetsapp\x64\debug\qt6widgetsd.dll
c:\users\dstep\desktop\duncan\school\2023(summer)\csci202\final\qtwidgetsapp\x64\debug\opengl32sw.dll
c:\users\dstep\desktop\duncan\school\2023(summer)\csci202\final\qtwidgetsapp\x64\debug\d3dcompiler_47.dll
c:\users\dstep\desktop\duncan\school\2023(summer)\csci202\final\qtwidgetsapp\x64\debug\generic\qtuiotouchplugind.dll
c:\users\dstep\desktop\duncan\school\2023(summer)\csci202\final\qtwidgetsapp\x64\debug\iconengines\qsvgicond.dll
c:\users\dstep\desktop\duncan\school\2023(summer)\csci202\final\qtwidgetsapp\x64\debug\imageformats\qgifd.dll
c:\users\dstep\desktop\duncan\school\2023(summer)\csci202\final\qtwidgetsapp\x64\debug\imageformats\qicnsd.dll
c:\users\dstep\desktop\duncan\school\2023(summer)\csci202\final\qtwidgetsapp\x64\debug\imageformats\qicod.dll
c:\users\dstep\desktop\duncan\school\2023(summer)\csci202\final\qtwidgetsapp\x64\debug\imageformats\qjpegd.dll
c:\users\dstep\desktop\duncan\school\2023(summer)\csci202\final\qtwidgetsapp\x64\debug\imageformats\qpdfd.dll
c:\users\dstep\desktop\duncan\school\2023(summer)\csci202\final\qtwidgetsapp\x64\debug\imageformats\qsvgd.dll
c:\users\dstep\desktop\duncan\school\2023(summer)\csci202\final\qtwidgetsapp\x64\debug\imageformats\qtgad.dll
c:\users\dstep\desktop\duncan\school\2023(summer)\csci202\final\qtwidgetsapp\x64\debug\imageformats\qtiffd.dll
c:\users\dstep\desktop\duncan\school\2023(summer)\csci202\final\qtwidgetsapp\x64\debug\imageformats\qwbmpd.dll
c:\users\dstep\desktop\duncan\school\2023(summer)\csci202\final\qtwidgetsapp\x64\debug\imageformats\qwebpd.dll
c:\users\dstep\desktop\duncan\school\2023(summer)\csci202\final\qtwidgetsapp\x64\debug\networkinformation\qnetworklistmanagerd.dll
c:\users\dstep\desktop\duncan\school\2023(summer)\csci202\final\qtwidgetsapp\x64\debug\platforms\qwindowsd.dll
c:\users\dstep\desktop\duncan\school\2023(summer)\csci202\final\qtwidgetsapp\x64\debug\styles\qwindowsvistastyled.dll
c:\users\dstep\desktop\duncan\school\2023(summer)\csci202\final\qtwidgetsapp\x64\debug\tls\qcertonlybackendd.dll
c:\users\dstep\desktop\duncan\school\2023(summer)\csci202\final\qtwidgetsapp\x64\debug\tls\qopensslbackendd.dll
c:\users\dstep\desktop\duncan\school\2023(summer)\csci202\final\qtwidgetsapp\x64\debug\tls\qschannelbackendd.dll
c:\users\dstep\desktop\duncan\school\2023(summer)\csci202\final\qtwidgetsapp\x64\debug\translations\qt_ar.qm
c:\users\dstep\desktop\duncan\school\2023(summer)\csci202\final\qtwidgetsapp\x64\debug\translations\qt_bg.qm
c:\users\dstep\desktop\duncan\school\2023(summer)\csci202\final\qtwidgetsapp\x64\debug\translations\qt_ca.qm
c:\users\dstep\desktop\duncan\school\2023(summer)\csci202\final\qtwidgetsapp\x64\debug\translations\qt_cs.qm
c:\users\dstep\desktop\duncan\school\2023(summer)\csci202\final\qtwidgetsapp\x64\debug\translations\qt_da.qm
c:\users\dstep\desktop\duncan\school\2023(summer)\csci202\final\qtwidgetsapp\x64\debug\translations\qt_de.qm
c:\users\dstep\desktop\duncan\school\2023(summer)\csci202\final\qtwidgetsapp\x64\debug\translations\qt_en.qm
c:\users\dstep\desktop\duncan\school\2023(summer)\csci202\final\qtwidgetsapp\x64\debug\translations\qt_es.qm
c:\users\dstep\desktop\duncan\school\2023(summer)\csci202\final\qtwidgetsapp\x64\debug\translations\qt_fa.qm
c:\users\dstep\desktop\duncan\school\2023(summer)\csci202\final\qtwidgetsapp\x64\debug\translations\qt_fi.qm
c:\users\dstep\desktop\duncan\school\2023(summer)\csci202\final\qtwidgetsapp\x64\debug\translations\qt_fr.qm
c:\users\dstep\desktop\duncan\school\2023(summer)\csci202\final\qtwidgetsapp\x64\debug\translations\qt_gd.qm
c:\users\dstep\desktop\duncan\school\2023(summer)\csci202\final\qtwidgetsapp\x64\debug\translations\qt_he.qm
c:\users\dstep\desktop\duncan\school\2023(summer)\csci202\final\qtwidgetsapp\x64\debug\translations\qt_hr.qm
c:\users\dstep\desktop\duncan\school\2023(summer)\csci202\final\qtwidgetsapp\x64\debug\translations\qt_hu.qm
c:\users\dstep\desktop\duncan\school\2023(summer)\csci202\final\qtwidgetsapp\x64\debug\translations\qt_it.qm
c:\users\dstep\desktop\duncan\school\2023(summer)\csci202\final\qtwidgetsapp\x64\debug\translations\qt_ja.qm
c:\users\dstep\desktop\duncan\school\2023(summer)\csci202\final\qtwidgetsapp\x64\debug\translations\qt_ko.qm
c:\users\dstep\desktop\duncan\school\2023(summer)\csci202\final\qtwidgetsapp\x64\debug\translations\qt_lv.qm
c:\users\dstep\desktop\duncan\school\2023(summer)\csci202\final\qtwidgetsapp\x64\debug\translations\qt_nl.qm
c:\users\dstep\desktop\duncan\school\2023(summer)\csci202\final\qtwidgetsapp\x64\debug\translations\qt_nn.qm
c:\users\dstep\desktop\duncan\school\2023(summer)\csci202\final\qtwidgetsapp\x64\debug\translations\qt_pl.qm
c:\users\dstep\desktop\duncan\school\2023(summer)\csci202\final\qtwidgetsapp\x64\debug\translations\qt_pt_br.qm
c:\users\dstep\desktop\duncan\school\2023(summer)\csci202\final\qtwidgetsapp\x64\debug\translations\qt_ru.qm
c:\users\dstep\desktop\duncan\school\2023(summer)\csci202\final\qtwidgetsapp\x64\debug\translations\qt_sk.qm
c:\users\dstep\desktop\duncan\school\2023(summer)\csci202\final\qtwidgetsapp\x64\debug\translations\qt_tr.qm
c:\users\dstep\desktop\duncan\school\2023(summer)\csci202\final\qtwidgetsapp\x64\debug\translations\qt_uk.qm
c:\users\dstep\desktop\duncan\school\2023(summer)\csci202\final\qtwidgetsapp\x64\debug\translations\qt_zh_cn.qm
c:\users\dstep\desktop\duncan\school\2023(summer)\csci202\final\qtwidgetsapp\x64\debug\translations\qt_zh_tw.qm
c:\users\dstep\desktop\duncan\school\2023(summer)\csci202\final\qtwidgetsapp\x64\debug\windeployqt.log
c:\users\dstep\desktop\duncan\school\2023(summer)\csci202\csci202-final-project-duncanstephenson\csci202-final-project-duncanstephenson\loginsystemgui\x64\debug\uic\ui_qtwidgetsapp.h
c:\users\dstep\desktop\duncan\school\2023(summer)\csci202\csci202-final-project-duncanstephenson\csci202-final-project-duncanstephenson\loginsystemgui\x64\debug\rcc\qrc_qtwidgetsapp.cpp
c:\users\dstep\desktop\duncan\school\2023(summer)\csci202\csci202-final-project-duncanstephenson\csci202-final-project-duncanstephenson\loginsystemgui\x64\debug\moc\moc_loginsystem.cpp
c:\users\dstep\desktop\duncan\school\2023(summer)\csci202\csci202-final-project-duncanstephenson\csci202-final-project-duncanstephenson\loginsystemgui\x64\debug\admin.obj
c:\users\dstep\desktop\duncan\school\2023(summer)\csci202\csci202-final-project-duncanstephenson\csci202-final-project-duncanstephenson\loginsystemgui\x64\debug\hash.obj
c:\users\dstep\desktop\duncan\school\2023(summer)\csci202\csci202-final-project-duncanstephenson\csci202-final-project-duncanstephenson\loginsystemgui\x64\debug\login.obj
c:\users\dstep\desktop\duncan\school\2023(summer)\csci202\csci202-final-project-duncanstephenson\csci202-final-project-duncanstephenson\loginsystemgui\x64\debug\main.obj
c:\users\dstep\desktop\duncan\school\2023(summer)\csci202\csci202-final-project-duncanstephenson\csci202-final-project-duncanstephenson\loginsystemgui\x64\debug\moc_loginsystem.obj
c:\users\dstep\desktop\duncan\school\2023(summer)\csci202\csci202-final-project-duncanstephenson\csci202-final-project-duncanstephenson\loginsystemgui\x64\debug\qrc_qtwidgetsapp.obj
c:\users\dstep\desktop\duncan\school\2023(summer)\csci202\csci202-final-project-duncanstephenson\csci202-final-project-duncanstephenson\loginsystemgui\x64\debug\table.obj
c:\users\dstep\desktop\duncan\school\2023(summer)\csci202\csci202-final-project-duncanstephenson\csci202-final-project-duncanstephenson\loginsystemgui\x64\debug\loginsystemgui.ilk
c:\users\dstep\desktop\duncan\school\2023(summer)\csci202\csci202-final-project-duncanstephenson\csci202-final-project-duncanstephenson\loginsystemgui\x64\debug\loginsystemgui.pdb
c:\users\dstep\desktop\duncan\school\2023(summer)\csci202\csci202-final-project-duncanstephenson\csci202-final-project-duncanstephenson\loginsystemgui\x64\debug\vc143.pdb
c:\users\dstep\desktop\duncan\school\2023(summer)\csci202\csci202-final-project-duncanstephenson\csci202-final-project-duncanstephenson\loginsystemgui\x64\debug\loginsystemgui.exe
c:\users\dstep\desktop\duncan\school\2023(summer)\csci202\csci202-final-project-duncanstephenson\csci202-final-project-duncanstephenson\loginsystemgui\x64\debug\loginsystemgui.tlog\cl.1376.write.1.tlog
c:\users\dstep\desktop\duncan\school\2023(summer)\csci202\csci202-final-project-duncanstephenson\csci202-final-project-duncanstephenson\loginsystemgui\x64\debug\loginsystemgui.tlog\cl.command.1.tlog
c:\users\dstep\desktop\duncan\school\2023(summer)\csci202\csci202-final-project-duncanstephenson\csci202-final-project-duncanstephenson\loginsystemgui\x64\debug\loginsystemgui.tlog\cl.items.tlog
c:\users\dstep\desktop\duncan\school\2023(summer)\csci202\csci202-final-project-duncanstephenson\csci202-final-project-duncanstephenson\loginsystemgui\x64\debug\loginsystemgui.tlog\cl.read.1.tlog
c:\users\dstep\desktop\duncan\school\2023(summer)\csci202\csci202-final-project-duncanstephenson\csci202-final-project-duncanstephenson\loginsystemgui\x64\debug\loginsystemgui.tlog\link.command.1.tlog
c:\users\dstep\desktop\duncan\school\2023(summer)\csci202\csci202-final-project-duncanstephenson\csci202-final-project-duncanstephenson\loginsystemgui\x64\debug\loginsystemgui.tlog\link.read.1.tlog
c:\users\dstep\desktop\duncan\school\2023(summer)\csci202\csci202-final-project-duncanstephenson\csci202-final-project-duncanstephenson\loginsystemgui\x64\debug\loginsystemgui.tlog\link.write.1.tlog
c:\users\dstep\desktop\duncan\school\2023(summer)\csci202\csci202-final-project-duncanstephenson\csci202-final-project-duncanstephenson\loginsystemgui\x64\debug\loginsystemgui.tlog\loginsystemgui.write.1u.tlog
c:\users\dstep\desktop\duncan\school\2023(summer)\csci202\csci202-final-project-duncanstephenson\csci202-final-project-duncanstephenson\loginsystemgui\x64\debug\loginsystemgui.tlog\moc.read.1u.tlog
c:\users\dstep\desktop\duncan\school\2023(summer)\csci202\csci202-final-project-duncanstephenson\csci202-final-project-duncanstephenson\loginsystemgui\x64\debug\loginsystemgui.tlog\moc.write.1u.tlog
c:\users\dstep\desktop\duncan\school\2023(summer)\csci202\csci202-final-project-duncanstephenson\csci202-final-project-duncanstephenson\loginsystemgui\x64\debug\loginsystemgui.tlog\rcc.read.1u.tlog
c:\users\dstep\desktop\duncan\school\2023(summer)\csci202\csci202-final-project-duncanstephenson\csci202-final-project-duncanstephenson\loginsystemgui\x64\debug\loginsystemgui.tlog\rcc.write.1u.tlog
c:\users\dstep\desktop\duncan\school\2023(summer)\csci202\csci202-final-project-duncanstephenson\csci202-final-project-duncanstephenson\loginsystemgui\x64\debug\loginsystemgui.tlog\uic.read.1u.tlog
c:\users\dstep\desktop\duncan\school\2023(summer)\csci202\csci202-final-project-duncanstephenson\csci202-final-project-duncanstephenson\loginsystemgui\x64\debug\loginsystemgui.tlog\uic.write.1u.tlog
c:\users\dstep\desktop\duncan\school\2023(summer)\csci202\csci202-final-project-duncanstephenson\csci202-final-project-duncanstephenson\loginsystemgui\x64\debug\loginsystemgui.tlog\windeployqt.read.1u.tlog
c:\users\dstep\desktop\duncan\school\2023(summer)\csci202\csci202-final-project-duncanstephenson\csci202-final-project-duncanstephenson\loginsystemgui\x64\debug\loginsystemgui.tlog\windeployqt.write.1u.tlog
