c:\users\dstep\desktop\duncan\school\2023(summer)\csci202\final\loginsystemcmd\x64\debug\vc143.pdb
c:\users\dstep\desktop\duncan\school\2023(summer)\csci202\final\loginsystemcmd\x64\debug\vc143.idb
c:\users\dstep\desktop\duncan\school\2023(summer)\csci202\final\loginsystemcmd\x64\debug\loginsystemcmd.obj
c:\users\dstep\desktop\duncan\school\2023(summer)\csci202\final\loginsystemcmd\x64\debug\functions.obj
c:\users\dstep\desktop\duncan\school\2023(summer)\csci202\final\loginsystemcmd\x64\debug\loginsystemcmd.ilk
c:\users\dstep\desktop\duncan\school\2023(summer)\csci202\final\loginsystemcmd\x64\debug\loginsystemcmd.exe
c:\users\dstep\desktop\duncan\school\2023(summer)\csci202\final\loginsystemcmd\x64\debug\loginsystemcmd.pdb
c:\users\dstep\desktop\duncan\school\2023(summer)\csci202\final\loginsystemcmd\x64\debug\libcrypto-3-x64.dll
c:\users\dstep\desktop\duncan\school\2023(summer)\csci202\final\loginsystemcmd\x64\debug\sqlite3.dll
c:\users\dstep\desktop\duncan\school\2023(summer)\csci202\csci202-final-project-duncanstephenson\csci202-final-project-duncanstephenson\loginsystemcmd\x64\debug\functions.obj
c:\users\dstep\desktop\duncan\school\2023(summer)\csci202\csci202-final-project-duncanstephenson\csci202-final-project-duncanstephenson\loginsystemcmd\x64\debug\loginsystemcmd.obj
c:\users\dstep\desktop\duncan\school\2023(summer)\csci202\csci202-final-project-duncanstephenson\csci202-final-project-duncanstephenson\loginsystemcmd\x64\debug\loginsystemcmd.ilk
c:\users\dstep\desktop\duncan\school\2023(summer)\csci202\csci202-final-project-duncanstephenson\csci202-final-project-duncanstephenson\loginsystemcmd\x64\debug\vc143.idb
c:\users\dstep\desktop\duncan\school\2023(summer)\csci202\csci202-final-project-duncanstephenson\csci202-final-project-duncanstephenson\loginsystemcmd\x64\debug\loginsystemcmd.pdb
c:\users\dstep\desktop\duncan\school\2023(summer)\csci202\csci202-final-project-duncanstephenson\csci202-final-project-duncanstephenson\loginsystemcmd\x64\debug\vc143.pdb
c:\users\dstep\desktop\duncan\school\2023(summer)\csci202\csci202-final-project-duncanstephenson\csci202-final-project-duncanstephenson\loginsystemcmd\x64\debug\loginsystemcmd.exe
c:\users\dstep\desktop\duncan\school\2023(summer)\csci202\csci202-final-project-duncanstephenson\csci202-final-project-duncanstephenson\loginsystemcmd\x64\debug\loginsystemcmd.tlog\cl.command.1.tlog
c:\users\dstep\desktop\duncan\school\2023(summer)\csci202\csci202-final-project-duncanstephenson\csci202-final-project-duncanstephenson\loginsystemcmd\x64\debug\loginsystemcmd.tlog\cl.items.tlog
c:\users\dstep\desktop\duncan\school\2023(summer)\csci202\csci202-final-project-duncanstephenson\csci202-final-project-duncanstephenson\loginsystemcmd\x64\debug\loginsystemcmd.tlog\cl.read.1.tlog
c:\users\dstep\desktop\duncan\school\2023(summer)\csci202\csci202-final-project-duncanstephenson\csci202-final-project-duncanstephenson\loginsystemcmd\x64\debug\loginsystemcmd.tlog\cl.write.1.tlog
c:\users\dstep\desktop\duncan\school\2023(summer)\csci202\csci202-final-project-duncanstephenson\csci202-final-project-duncanstephenson\loginsystemcmd\x64\debug\loginsystemcmd.tlog\link.command.1.tlog
c:\users\dstep\desktop\duncan\school\2023(summer)\csci202\csci202-final-project-duncanstephenson\csci202-final-project-duncanstephenson\loginsystemcmd\x64\debug\loginsystemcmd.tlog\link.read.1.tlog
c:\users\dstep\desktop\duncan\school\2023(summer)\csci202\csci202-final-project-duncanstephenson\csci202-final-project-duncanstephenson\loginsystemcmd\x64\debug\loginsystemcmd.tlog\link.write.1.tlog
c:\users\dstep\desktop\duncan\school\2023(summer)\csci202\csci202-final-project-duncanstephenson\csci202-final-project-duncanstephenson\loginsystemcmd\x64\debug\loginsystemcmd.tlog\loginsystemcmd.write.1u.tlog
